<?xml version="1.0" encoding="UTF-8"?>
<testng-results ignored="1" total="6" passed="4" failed="1" skipped="0">
  <reporter-output>
  </reporter-output>
  <suite started-at="2024-10-20T06:18:09 AST" name="Default suite" finished-at="2024-10-20T06:18:35 AST" duration-ms="26059">
    <groups>
    </groups>
    <test started-at="2024-10-20T06:18:09 AST" name="Default test" finished-at="2024-10-20T06:18:35 AST" duration-ms="26059">
      <class name="SmartbuyTestingProject.myTestCases">
        <test-method is-config="true" signature="mySetup()[pri:0, instance:SmartbuyTestingProject.myTestCases@191ae03f]" started-at="2024-10-20T06:18:09 AST" name="mySetup" finished-at="2024-10-20T06:18:14 AST" duration-ms="4270" status="PASS">
          <reporter-output>
          </reporter-output>
        </test-method> <!-- mySetup -->
        <test-method signature="SignUp()[pri:1, instance:SmartbuyTestingProject.myTestCases@191ae03f]" started-at="2024-10-20T06:18:14 AST" name="SignUp" finished-at="2024-10-20T06:18:21 AST" duration-ms="7405" status="PASS">
          <reporter-output>
          </reporter-output>
        </test-method> <!-- SignUp -->
        <test-method signature="Logout()[pri:2, instance:SmartbuyTestingProject.myTestCases@191ae03f]" started-at="2024-10-20T06:18:21 AST" name="Logout" finished-at="2024-10-20T06:18:25 AST" duration-ms="3754" status="PASS">
          <reporter-output>
          </reporter-output>
        </test-method> <!-- Logout -->
        <test-method signature="SignIn()[pri:3, instance:SmartbuyTestingProject.myTestCases@191ae03f]" started-at="2024-10-20T06:18:25 AST" name="SignIn" finished-at="2024-10-20T06:18:28 AST" duration-ms="3121" status="PASS">
          <reporter-output>
          </reporter-output>
        </test-method> <!-- SignIn -->
        <test-method signature="CheckSearchBar()[pri:4, instance:SmartbuyTestingProject.myTestCases@191ae03f]" started-at="2024-10-20T06:18:28 AST" name="CheckSearchBar" finished-at="2024-10-20T06:18:30 AST" duration-ms="2346" status="PASS">
          <reporter-output>
          </reporter-output>
        </test-method> <!-- CheckSearchBar -->
        <test-method signature="AddToCart()[pri:5, instance:SmartbuyTestingProject.myTestCases@191ae03f]" started-at="2024-10-20T06:18:30 AST" name="AddToCart" finished-at="2024-10-20T06:18:35 AST" duration-ms="5088" status="FAIL">
          <exception class="java.lang.NumberFormatException">
            <message>
              <![CDATA[empty String]]>
            </message>
            <full-stacktrace>
              <![CDATA[java.lang.NumberFormatException: empty String
at java.base/jdk.internal.math.FloatingDecimal.readJavaFormatString(FloatingDecimal.java:1842)
at java.base/jdk.internal.math.FloatingDecimal.parseDouble(FloatingDecimal.java:110)
at java.base/java.lang.Double.parseDouble(Double.java:938)
at SmartbuyTestingProject.myTestCases.AddToCart(myTestCases.java:167)
at java.base/jdk.internal.reflect.DirectMethodHandleAccessor.invoke(DirectMethodHandleAccessor.java:103)
at java.base/java.lang.reflect.Method.invoke(Method.java:580)
at org.testng.internal.MethodInvocationHelper.invokeMethod(MethodInvocationHelper.java:133)
at org.testng.internal.TestInvoker.invokeMethod(TestInvoker.java:598)
at org.testng.internal.TestInvoker.invokeTestMethod(TestInvoker.java:173)
at org.testng.internal.MethodRunner.runInSequence(MethodRunner.java:46)
at org.testng.internal.TestInvoker$MethodInvocationAgent.invoke(TestInvoker.java:824)
at org.testng.internal.TestInvoker.invokeTestMethods(TestInvoker.java:146)
at org.testng.internal.TestMethodWorker.invokeTestMethods(TestMethodWorker.java:146)
at org.testng.internal.TestMethodWorker.run(TestMethodWorker.java:128)
at java.base/java.util.ArrayList.forEach(ArrayList.java:1597)
at org.testng.TestRunner.privateRun(TestRunner.java:794)
at org.testng.TestRunner.run(TestRunner.java:596)
at org.testng.SuiteRunner.runTest(SuiteRunner.java:377)
at org.testng.SuiteRunner.runSequentially(SuiteRunner.java:371)
at org.testng.SuiteRunner.privateRun(SuiteRunner.java:332)
at org.testng.SuiteRunner.run(SuiteRunner.java:276)
at org.testng.SuiteRunnerWorker.runSuite(SuiteRunnerWorker.java:53)
at org.testng.SuiteRunnerWorker.run(SuiteRunnerWorker.java:96)
at org.testng.TestNG.runSuitesSequentially(TestNG.java:1212)
at org.testng.TestNG.runSuitesLocally(TestNG.java:1134)
at org.testng.TestNG.runSuites(TestNG.java:1063)
at org.testng.TestNG.run(TestNG.java:1031)
at org.testng.remote.AbstractRemoteTestNG.run(AbstractRemoteTestNG.java:115)
at org.testng.remote.RemoteTestNG.initAndRun(RemoteTestNG.java:293)
at org.testng.remote.RemoteTestNG.main(RemoteTestNG.java:91)
]]>
            </full-stacktrace>
          </exception> <!-- java.lang.NumberFormatException -->
          <reporter-output>
          </reporter-output>
        </test-method> <!-- AddToCart -->
      </class> <!-- SmartbuyTestingProject.myTestCases -->
    </test> <!-- Default test -->
  </suite> <!-- Default suite -->
</testng-results>
